[1754018366] [NOISE_PROTOCOL_DEBUG] HANDSHAKE_INIT - Protocol name: Noise_XX_25519_ChaChaPoly_SHA256
[1754018366] [NOISE_PROTOCOL_DEBUG] HANDSHAKE_INIT - Initial hash: [78, 111, 105, 115, 101, 95, 88, 88]
[1754018366] [NOISE_PROTOCOL_DEBUG] HANDSHAKE_INIT - Initial chaining key: [78, 111, 105, 115, 101, 95, 88, 88]
[1754018366] [NOISE_PROTOCOL_DEBUG] READ_MESSAGE_START - Pattern: XX, Current: 0/3
[1754018366] [NOISE_PROTOCOL_DEBUG] READ_MESSAGE_HASH_BEFORE - Hash before read: [243, 209, 94, 97, 8, 237, 149, 86]
[1754018366] [NOISE_PROTOCOL_DEBUG] READ_MESSAGE_PATTERNS - Processing patterns: [E]
[1754018366] [NOISE_PROTOCOL_DEBUG] READ_MESSAGE_PATTERN - Processing pattern: E
[1754018366] [NOISE_PROTOCOL_DEBUG] READ_MESSAGE_HASH_BEFORE_PATTERN - Hash before pattern: [243, 209, 94, 97, 8, 237, 149, 86]
[1754018366] [NOISE_PROTOCOL_DEBUG] READ_MESSAGE_E - Reading ephemeral key
[1754018366] [NOISE_PROTOCOL_DEBUG] READ_MESSAGE_E_BYTES - Ephemeral key bytes: [154, 68, 239, 214, 97, 81, 94, 127]
[1754018366] [NOISE_PROTOCOL_DEBUG] READ_MESSAGE_E_DONE - Ephemeral key read, offset: 32
[1754018366] [NOISE_PROTOCOL_DEBUG] READ_MESSAGE_HASH_AFTER_PATTERN - Hash after pattern E: [169, 117, 86, 58, 200, 197, 21, 129]
[1754018366] [NOISE_PROTOCOL_DEBUG] READ_MESSAGE_PAYLOAD - Decrypting payload, length: 0
[1754018366] [NOISE_PROTOCOL_DEBUG] DECRYPT_AND_HASH - No cipher key, treating as plaintext, length: 0
[1754018366] [NOISE_PROTOCOL_DEBUG] DECRYPT_AND_HASH_PLAINTEXT - Hash mixed with plaintext
[1754018366] [NOISE_PROTOCOL_DEBUG] READ_MESSAGE_PAYLOAD_SUCCESS - Payload decrypted successfully, length: 0
[1754018366] [NOISE_PROTOCOL_DEBUG] READ_MESSAGE_COMPLETE - Message read successfully, new pattern: 1/3
[1754018366] [NOISE_PROTOCOL_DEBUG] READ_MESSAGE_HASH_AFTER - Hash after read: [132, 248, 84, 159, 53, 127, 107, 182]
[1754018366] [NOISE_PROTOCOL_DEBUG] WRITE_MESSAGE_START - Pattern: XX, Current: 1/3
[1754018366] [NOISE_PROTOCOL_DEBUG] WRITE_MESSAGE_PATTERNS - Processing patterns: [E, EE, S, ES]
[1754018366] [NOISE_PROTOCOL_DEBUG] WRITE_MESSAGE_PATTERN - Processing pattern: E
[1754018366] [NOISE_PROTOCOL_DEBUG] WRITE_MESSAGE_E - Generating ephemeral key
[1754018366] [NOISE_PROTOCOL_DEBUG] WRITE_MESSAGE_E_DONE - Ephemeral key generated, buffer size: 32
[1754018366] [NOISE_PROTOCOL_DEBUG] WRITE_MESSAGE_PATTERN - Processing pattern: EE
[1754018366] [NOISE_PROTOCOL_DEBUG] WRITE_MESSAGE_EE - Performing DH(ephemeral, ephemeral)
[1754018366] [NOISE_PROTOCOL_DEBUG] WRITE_MESSAGE_EE_DONE - DH(ephemeral, ephemeral) completed
[1754018366] [NOISE_PROTOCOL_DEBUG] WRITE_MESSAGE_PATTERN - Processing pattern: S
[1754018366] [NOISE_PROTOCOL_DEBUG] WRITE_MESSAGE_S - Sending static key
[1754018366] [NOISE_PROTOCOL_DEBUG] CIPHER_ENCRYPT - Encrypting with key, plaintext length: 32
[1754018366] [NOISE_PROTOCOL_DEBUG] CIPHER_ENCRYPT_KEY - Key length: 32
[1754018366] [NOISE_PROTOCOL_DEBUG] CIPHER_ENCRYPT_NONCE - Current nonce: 0
[1754018366] [NOISE_PROTOCOL_DEBUG] CIPHER_ENCRYPT_ASSOCIATED_DATA - Associated data length: 32
[1754018366] [NOISE_PROTOCOL_DEBUG] CIPHER_ENCRYPT_SUCCESS - Encryption successful, ciphertext length: 48
[1754018366] [NOISE_PROTOCOL_DEBUG] WRITE_MESSAGE_S_DONE - Static key encrypted and sent, buffer size: 80
[1754018366] [NOISE_PROTOCOL_DEBUG] WRITE_MESSAGE_PATTERN - Processing pattern: ES
[1754018366] [NOISE_PROTOCOL_DEBUG] WRITE_MESSAGE_ES - Performing DH(ephemeral, static), role: Responder
[1754018366] [NOISE_PROTOCOL_DEBUG] WRITE_MESSAGE_ES_DONE - DH(ephemeral, static) completed for responder
[1754018366] [NOISE_PROTOCOL_DEBUG] WRITE_MESSAGE_ENCRYPT - Encrypting payload of 0 bytes
[1754018366] [NOISE_PROTOCOL_DEBUG] CIPHER_ENCRYPT - Encrypting with key, plaintext length: 0
[1754018366] [NOISE_PROTOCOL_DEBUG] CIPHER_ENCRYPT_KEY - Key length: 32
[1754018366] [NOISE_PROTOCOL_DEBUG] CIPHER_ENCRYPT_NONCE - Current nonce: 0
[1754018366] [NOISE_PROTOCOL_DEBUG] CIPHER_ENCRYPT_ASSOCIATED_DATA - Associated data length: 32
[1754018366] [NOISE_PROTOCOL_DEBUG] CIPHER_ENCRYPT_SUCCESS - Encryption successful, ciphertext length: 16
[1754018366] [NOISE_PROTOCOL_DEBUG] WRITE_MESSAGE_ENCRYPT_DONE - Payload encrypted, total buffer size: 96
[1754018366] [NOISE_PROTOCOL_DEBUG] WRITE_MESSAGE_COMPLETE - Message written, pattern 1 complete
[1754018367] [NOISE_PROTOCOL_DEBUG] READ_MESSAGE_START - Pattern: XX, Current: 2/3
[1754018367] [NOISE_PROTOCOL_DEBUG] READ_MESSAGE_HASH_BEFORE - Hash before read: [111, 35, 48, 158, 135, 158, 254, 56]
[1754018367] [NOISE_PROTOCOL_DEBUG] READ_MESSAGE_PATTERNS - Processing patterns: [S, SE]
[1754018367] [NOISE_PROTOCOL_DEBUG] READ_MESSAGE_PATTERN - Processing pattern: S
[1754018367] [NOISE_PROTOCOL_DEBUG] READ_MESSAGE_HASH_BEFORE_PATTERN - Hash before pattern: [111, 35, 48, 158, 135, 158, 254, 56]
[1754018367] [NOISE_PROTOCOL_DEBUG] READ_MESSAGE_S - Reading static key
[1754018367] [NOISE_PROTOCOL_DEBUG] READ_MESSAGE_S_CHECK - Checking static key length: need 48 bytes, available 32 bytes, has_cipher_key: true
[1754018367] [NOISE_PROTOCOL_DEBUG] READ_MESSAGE_S_ERROR - Message too short for static key, need 48 bytes, have 32 bytes
[1754018368] [NOISE_PROTOCOL_DEBUG] READ_MESSAGE_START - Pattern: XX, Current: 2/3
[1754018368] [NOISE_PROTOCOL_DEBUG] READ_MESSAGE_HASH_BEFORE - Hash before read: [111, 35, 48, 158, 135, 158, 254, 56]
[1754018368] [NOISE_PROTOCOL_DEBUG] READ_MESSAGE_PATTERNS - Processing patterns: [S, SE]
[1754018368] [NOISE_PROTOCOL_DEBUG] READ_MESSAGE_PATTERN - Processing pattern: S
[1754018368] [NOISE_PROTOCOL_DEBUG] READ_MESSAGE_HASH_BEFORE_PATTERN - Hash before pattern: [111, 35, 48, 158, 135, 158, 254, 56]
[1754018368] [NOISE_PROTOCOL_DEBUG] READ_MESSAGE_S - Reading static key
[1754018368] [NOISE_PROTOCOL_DEBUG] READ_MESSAGE_S_CHECK - Checking static key length: need 48 bytes, available 32 bytes, has_cipher_key: true
[1754018368] [NOISE_PROTOCOL_DEBUG] READ_MESSAGE_S_ERROR - Message too short for static key, need 48 bytes, have 32 bytes
[1754018370] [NOISE_PROTOCOL_DEBUG] READ_MESSAGE_START - Pattern: XX, Current: 2/3
[1754018370] [NOISE_PROTOCOL_DEBUG] READ_MESSAGE_HASH_BEFORE - Hash before read: [111, 35, 48, 158, 135, 158, 254, 56]
[1754018370] [NOISE_PROTOCOL_DEBUG] READ_MESSAGE_PATTERNS - Processing patterns: [S, SE]
[1754018370] [NOISE_PROTOCOL_DEBUG] READ_MESSAGE_PATTERN - Processing pattern: S
[1754018370] [NOISE_PROTOCOL_DEBUG] READ_MESSAGE_HASH_BEFORE_PATTERN - Hash before pattern: [111, 35, 48, 158, 135, 158, 254, 56]
[1754018370] [NOISE_PROTOCOL_DEBUG] READ_MESSAGE_S - Reading static key
[1754018370] [NOISE_PROTOCOL_DEBUG] READ_MESSAGE_S_CHECK - Checking static key length: need 48 bytes, available 32 bytes, has_cipher_key: true
[1754018370] [NOISE_PROTOCOL_DEBUG] READ_MESSAGE_S_ERROR - Message too short for static key, need 48 bytes, have 32 bytes
[1754018380] [NOISE_PROTOCOL_DEBUG] HANDSHAKE_INIT - Protocol name: Noise_XX_25519_ChaChaPoly_SHA256
[1754018380] [NOISE_PROTOCOL_DEBUG] HANDSHAKE_INIT - Initial hash: [78, 111, 105, 115, 101, 95, 88, 88]
[1754018380] [NOISE_PROTOCOL_DEBUG] HANDSHAKE_INIT - Initial chaining key: [78, 111, 105, 115, 101, 95, 88, 88]
[1754018380] [NOISE_PROTOCOL_DEBUG] WRITE_MESSAGE_START - Pattern: XX, Current: 0/3
[1754018380] [NOISE_PROTOCOL_DEBUG] WRITE_MESSAGE_PATTERNS - Processing patterns: [E]
[1754018380] [NOISE_PROTOCOL_DEBUG] WRITE_MESSAGE_PATTERN - Processing pattern: E
[1754018380] [NOISE_PROTOCOL_DEBUG] WRITE_MESSAGE_E - Generating ephemeral key
[1754018380] [NOISE_PROTOCOL_DEBUG] WRITE_MESSAGE_E_DONE - Ephemeral key generated, buffer size: 32
[1754018380] [NOISE_PROTOCOL_DEBUG] WRITE_MESSAGE_ENCRYPT - Encrypting payload of 0 bytes
[1754018380] [NOISE_PROTOCOL_DEBUG] WRITE_MESSAGE_ENCRYPT_DONE - Payload encrypted, total buffer size: 32
[1754018380] [NOISE_PROTOCOL_DEBUG] WRITE_MESSAGE_COMPLETE - Message written, pattern 0 complete
[1754018380] [NOISE_PROTOCOL_DEBUG] READ_MESSAGE_START - Pattern: XX, Current: 1/3
[1754018380] [NOISE_PROTOCOL_DEBUG] READ_MESSAGE_HASH_BEFORE - Hash before read: [152, 217, 69, 37, 221, 171, 89, 160]
[1754018380] [NOISE_PROTOCOL_DEBUG] READ_MESSAGE_PATTERNS - Processing patterns: [E, EE, S, ES]
[1754018380] [NOISE_PROTOCOL_DEBUG] READ_MESSAGE_PATTERN - Processing pattern: E
[1754018380] [NOISE_PROTOCOL_DEBUG] READ_MESSAGE_HASH_BEFORE_PATTERN - Hash before pattern: [152, 217, 69, 37, 221, 171, 89, 160]
[1754018380] [NOISE_PROTOCOL_DEBUG] READ_MESSAGE_E - Reading ephemeral key
[1754018380] [NOISE_PROTOCOL_DEBUG] READ_MESSAGE_E_BYTES - Ephemeral key bytes: [188, 148, 212, 225, 164, 200, 225, 145]
[1754018380] [NOISE_PROTOCOL_DEBUG] READ_MESSAGE_E_DONE - Ephemeral key read, offset: 32
[1754018380] [NOISE_PROTOCOL_DEBUG] READ_MESSAGE_HASH_AFTER_PATTERN - Hash after pattern E: [191, 130, 134, 80, 236, 183, 164, 176]
[1754018380] [NOISE_PROTOCOL_DEBUG] READ_MESSAGE_PATTERN - Processing pattern: EE
[1754018380] [NOISE_PROTOCOL_DEBUG] READ_MESSAGE_HASH_BEFORE_PATTERN - Hash before pattern: [191, 130, 134, 80, 236, 183, 164, 176]
[1754018380] [NOISE_PROTOCOL_DEBUG] READ_MESSAGE_EE - Performing DH(ephemeral, ephemeral)
[1754018380] [NOISE_PROTOCOL_DEBUG] READ_MESSAGE_EE_DONE - DH(ephemeral, ephemeral) completed
[1754018380] [NOISE_PROTOCOL_DEBUG] READ_MESSAGE_HASH_AFTER_PATTERN - Hash after pattern EE: [191, 130, 134, 80, 236, 183, 164, 176]
[1754018380] [NOISE_PROTOCOL_DEBUG] READ_MESSAGE_PATTERN - Processing pattern: S
[1754018380] [NOISE_PROTOCOL_DEBUG] READ_MESSAGE_HASH_BEFORE_PATTERN - Hash before pattern: [191, 130, 134, 80, 236, 183, 164, 176]
[1754018380] [NOISE_PROTOCOL_DEBUG] READ_MESSAGE_S - Reading static key
[1754018380] [NOISE_PROTOCOL_DEBUG] READ_MESSAGE_S_CHECK - Checking static key length: need 48 bytes, available 64 bytes, has_cipher_key: true
[1754018380] [NOISE_PROTOCOL_DEBUG] READ_MESSAGE_S_DATA - Static key data length: 48, has_cipher_key: true
[1754018380] [NOISE_PROTOCOL_DEBUG] DECRYPT_AND_HASH - Decrypting with cipher key, ciphertext length: 48
[1754018380] [NOISE_PROTOCOL_DEBUG] DECRYPT_AND_HASH_HASH - Current hash length: 32
[1754018380] [NOISE_PROTOCOL_DEBUG] DECRYPT_AND_HASH_HASH_BYTES - Hash bytes: [191, 130, 134, 80, 236, 183, 164, 176]
[1754018380] [NOISE_PROTOCOL_DEBUG] CIPHER_DECRYPT - Decrypting with key, ciphertext length: 48
[1754018380] [NOISE_PROTOCOL_DEBUG] CIPHER_DECRYPT_KEY - Key length: 32
[1754018380] [NOISE_PROTOCOL_DEBUG] CIPHER_DECRYPT_NONCE - Current nonce: 0
[1754018380] [NOISE_PROTOCOL_DEBUG] CIPHER_DECRYPT_ASSOCIATED_DATA - Associated data length: 32
[1754018380] [NOISE_PROTOCOL_DEBUG] CIPHER_DECRYPT_PAYLOAD - Encrypted payload length: 48
[1754018380] [NOISE_PROTOCOL_DEBUG] CIPHER_DECRYPT_SUCCESS - Decryption successful, plaintext length: 32
[1754018380] [NOISE_PROTOCOL_DEBUG] DECRYPT_AND_HASH_SUCCESS - Decryption successful, plaintext length: 32
[1754018380] [NOISE_PROTOCOL_DEBUG] DECRYPT_AND_HASH_HASH_MIXED - Hash mixed with ciphertext
[1754018380] [NOISE_PROTOCOL_DEBUG] READ_MESSAGE_S_DONE - Static key read and validated successfully
[1754018380] [NOISE_PROTOCOL_DEBUG] READ_MESSAGE_HASH_AFTER_PATTERN - Hash after pattern S: [165, 234, 190, 7, 154, 63, 23, 193]
[1754018380] [NOISE_PROTOCOL_DEBUG] READ_MESSAGE_PATTERN - Processing pattern: ES
[1754018380] [NOISE_PROTOCOL_DEBUG] READ_MESSAGE_HASH_BEFORE_PATTERN - Hash before pattern: [165, 234, 190, 7, 154, 63, 23, 193]
[1754018380] [NOISE_PROTOCOL_DEBUG] READ_MESSAGE_ES - Performing DH(ephemeral, static)
[1754018380] [NOISE_PROTOCOL_DEBUG] READ_MESSAGE_ES_DONE - DH(ephemeral, static) completed
[1754018380] [NOISE_PROTOCOL_DEBUG] READ_MESSAGE_HASH_AFTER_PATTERN - Hash after pattern ES: [165, 234, 190, 7, 154, 63, 23, 193]
[1754018380] [NOISE_PROTOCOL_DEBUG] READ_MESSAGE_PAYLOAD - Decrypting payload, length: 16
[1754018380] [NOISE_PROTOCOL_DEBUG] DECRYPT_AND_HASH - Decrypting with cipher key, ciphertext length: 16
[1754018380] [NOISE_PROTOCOL_DEBUG] DECRYPT_AND_HASH_HASH - Current hash length: 32
[1754018380] [NOISE_PROTOCOL_DEBUG] DECRYPT_AND_HASH_HASH_BYTES - Hash bytes: [165, 234, 190, 7, 154, 63, 23, 193]
[1754018380] [NOISE_PROTOCOL_DEBUG] CIPHER_DECRYPT - Decrypting with key, ciphertext length: 16
[1754018380] [NOISE_PROTOCOL_DEBUG] CIPHER_DECRYPT_KEY - Key length: 32
[1754018380] [NOISE_PROTOCOL_DEBUG] CIPHER_DECRYPT_NONCE - Current nonce: 0
[1754018380] [NOISE_PROTOCOL_DEBUG] CIPHER_DECRYPT_ASSOCIATED_DATA - Associated data length: 32
[1754018380] [NOISE_PROTOCOL_DEBUG] CIPHER_DECRYPT_PAYLOAD - Encrypted payload length: 16
[1754018380] [NOISE_PROTOCOL_DEBUG] CIPHER_DECRYPT_SUCCESS - Decryption successful, plaintext length: 0
[1754018380] [NOISE_PROTOCOL_DEBUG] DECRYPT_AND_HASH_SUCCESS - Decryption successful, plaintext length: 0
[1754018380] [NOISE_PROTOCOL_DEBUG] DECRYPT_AND_HASH_HASH_MIXED - Hash mixed with ciphertext
[1754018380] [NOISE_PROTOCOL_DEBUG] READ_MESSAGE_PAYLOAD_SUCCESS - Payload decrypted successfully, length: 0
[1754018380] [NOISE_PROTOCOL_DEBUG] READ_MESSAGE_COMPLETE - Message read successfully, new pattern: 2/3
[1754018380] [NOISE_PROTOCOL_DEBUG] READ_MESSAGE_HASH_AFTER - Hash after read: [186, 175, 145, 74, 231, 54, 211, 252]
[1754018380] [NOISE_PROTOCOL_DEBUG] WRITE_MESSAGE_START - Pattern: XX, Current: 2/3
[1754018380] [NOISE_PROTOCOL_DEBUG] WRITE_MESSAGE_PATTERNS - Processing patterns: [S, SE]
[1754018380] [NOISE_PROTOCOL_DEBUG] WRITE_MESSAGE_PATTERN - Processing pattern: S
[1754018380] [NOISE_PROTOCOL_DEBUG] WRITE_MESSAGE_S - Sending static key
[1754018380] [NOISE_PROTOCOL_DEBUG] CIPHER_ENCRYPT - Encrypting with key, plaintext length: 32
[1754018380] [NOISE_PROTOCOL_DEBUG] CIPHER_ENCRYPT_KEY - Key length: 32
[1754018380] [NOISE_PROTOCOL_DEBUG] CIPHER_ENCRYPT_NONCE - Current nonce: 1
[1754018380] [NOISE_PROTOCOL_DEBUG] CIPHER_ENCRYPT_ASSOCIATED_DATA - Associated data length: 32
[1754018380] [NOISE_PROTOCOL_DEBUG] CIPHER_ENCRYPT_SUCCESS - Encryption successful, ciphertext length: 48
[1754018380] [NOISE_PROTOCOL_DEBUG] WRITE_MESSAGE_S_DONE - Static key encrypted and sent, buffer size: 48
[1754018380] [NOISE_PROTOCOL_DEBUG] WRITE_MESSAGE_PATTERN - Processing pattern: SE
[1754018380] [NOISE_PROTOCOL_DEBUG] WRITE_MESSAGE_SE - Performing DH(static, ephemeral), role: Initiator
[1754018380] [NOISE_PROTOCOL_DEBUG] WRITE_MESSAGE_SE_DONE - DH(static, ephemeral) completed for initiator
[1754018380] [NOISE_PROTOCOL_DEBUG] WRITE_MESSAGE_ENCRYPT - Encrypting payload of 0 bytes
[1754018380] [NOISE_PROTOCOL_DEBUG] CIPHER_ENCRYPT - Encrypting with key, plaintext length: 0
[1754018380] [NOISE_PROTOCOL_DEBUG] CIPHER_ENCRYPT_KEY - Key length: 32
[1754018380] [NOISE_PROTOCOL_DEBUG] CIPHER_ENCRYPT_NONCE - Current nonce: 0
[1754018380] [NOISE_PROTOCOL_DEBUG] CIPHER_ENCRYPT_ASSOCIATED_DATA - Associated data length: 32
[1754018380] [NOISE_PROTOCOL_DEBUG] CIPHER_ENCRYPT_SUCCESS - Encryption successful, ciphertext length: 16
[1754018380] [NOISE_PROTOCOL_DEBUG] WRITE_MESSAGE_ENCRYPT_DONE - Payload encrypted, total buffer size: 64
[1754018380] [NOISE_PROTOCOL_DEBUG] WRITE_MESSAGE_COMPLETE - Message written, pattern 2 complete
[1754018381] [NOISE_PROTOCOL_DEBUG] CIPHER_ENCRYPT - Encrypting with key, plaintext length: 2
[1754018381] [NOISE_PROTOCOL_DEBUG] CIPHER_ENCRYPT_KEY - Key length: 32
[1754018381] [NOISE_PROTOCOL_DEBUG] CIPHER_ENCRYPT_NONCE - Current nonce: 0
[1754018381] [NOISE_PROTOCOL_DEBUG] CIPHER_ENCRYPT_ASSOCIATED_DATA - Associated data length: 0
[1754018381] [NOISE_PROTOCOL_DEBUG] CIPHER_ENCRYPT_SUCCESS - Encryption successful, ciphertext length: 18
[1754018381] [NOISE_PROTOCOL_DEBUG] CIPHER_ENCRYPT_TRANSPORT - Transport message with nonce prefix, total length: 22
[1754019323] [NOISE_PROTOCOL_DEBUG] HANDSHAKE_INIT - Protocol name: Noise_XX_25519_ChaChaPoly_SHA256
[1754019323] [NOISE_PROTOCOL_DEBUG] HANDSHAKE_INIT - Initial hash: [78, 111, 105, 115, 101, 95, 88, 88]
[1754019323] [NOISE_PROTOCOL_DEBUG] HANDSHAKE_INIT - Initial chaining key: [78, 111, 105, 115, 101, 95, 88, 88]
[1754019323] [NOISE_PROTOCOL_DEBUG] READ_MESSAGE_START - Pattern: XX, Current: 0/3
[1754019323] [NOISE_PROTOCOL_DEBUG] READ_MESSAGE_HASH_BEFORE - Hash before read: [243, 209, 94, 97, 8, 237, 149, 86]
[1754019323] [NOISE_PROTOCOL_DEBUG] READ_MESSAGE_PATTERNS - Processing patterns: [E]
[1754019323] [NOISE_PROTOCOL_DEBUG] READ_MESSAGE_PATTERN - Processing pattern: E
[1754019323] [NOISE_PROTOCOL_DEBUG] READ_MESSAGE_HASH_BEFORE_PATTERN - Hash before pattern: [243, 209, 94, 97, 8, 237, 149, 86]
[1754019323] [NOISE_PROTOCOL_DEBUG] READ_MESSAGE_E - Reading ephemeral key
[1754019323] [NOISE_PROTOCOL_DEBUG] READ_MESSAGE_E_BYTES - Ephemeral key bytes: [61, 8, 68, 237, 72, 23, 220, 46]
[1754019323] [NOISE_PROTOCOL_DEBUG] READ_MESSAGE_E_DONE - Ephemeral key read, offset: 32
[1754019323] [NOISE_PROTOCOL_DEBUG] READ_MESSAGE_HASH_AFTER_PATTERN - Hash after pattern E: [191, 188, 117, 161, 128, 150, 79, 204]
[1754019323] [NOISE_PROTOCOL_DEBUG] READ_MESSAGE_PAYLOAD - Decrypting payload, length: 0
[1754019323] [NOISE_PROTOCOL_DEBUG] DECRYPT_AND_HASH - No cipher key, treating as plaintext, length: 0
[1754019323] [NOISE_PROTOCOL_DEBUG] DECRYPT_AND_HASH_PLAINTEXT - Hash mixed with plaintext
[1754019323] [NOISE_PROTOCOL_DEBUG] READ_MESSAGE_PAYLOAD_SUCCESS - Payload decrypted successfully, length: 0
[1754019323] [NOISE_PROTOCOL_DEBUG] READ_MESSAGE_COMPLETE - Message read successfully, new pattern: 1/3
[1754019323] [NOISE_PROTOCOL_DEBUG] READ_MESSAGE_HASH_AFTER - Hash after read: [72, 234, 50, 3, 217, 186, 170, 58]
[1754019323] [NOISE_PROTOCOL_DEBUG] WRITE_MESSAGE_START - Pattern: XX, Current: 1/3
[1754019323] [NOISE_PROTOCOL_DEBUG] WRITE_MESSAGE_PATTERNS - Processing patterns: [E, EE, S, ES]
[1754019323] [NOISE_PROTOCOL_DEBUG] WRITE_MESSAGE_PATTERN - Processing pattern: E
[1754019323] [NOISE_PROTOCOL_DEBUG] WRITE_MESSAGE_E - Generating ephemeral key
[1754019323] [NOISE_PROTOCOL_DEBUG] WRITE_MESSAGE_E_DONE - Ephemeral key generated, buffer size: 32
[1754019323] [NOISE_PROTOCOL_DEBUG] WRITE_MESSAGE_PATTERN - Processing pattern: EE
[1754019323] [NOISE_PROTOCOL_DEBUG] WRITE_MESSAGE_EE - Performing DH(ephemeral, ephemeral)
[1754019323] [NOISE_PROTOCOL_DEBUG] WRITE_MESSAGE_EE_DONE - DH(ephemeral, ephemeral) completed
[1754019323] [NOISE_PROTOCOL_DEBUG] WRITE_MESSAGE_PATTERN - Processing pattern: S
[1754019323] [NOISE_PROTOCOL_DEBUG] WRITE_MESSAGE_S - Sending static key
[1754019323] [NOISE_PROTOCOL_DEBUG] CIPHER_ENCRYPT - Encrypting with key, plaintext length: 32
[1754019323] [NOISE_PROTOCOL_DEBUG] CIPHER_ENCRYPT_KEY - Key length: 32
[1754019323] [NOISE_PROTOCOL_DEBUG] CIPHER_ENCRYPT_NONCE - Current nonce: 0
[1754019323] [NOISE_PROTOCOL_DEBUG] CIPHER_ENCRYPT_ASSOCIATED_DATA - Associated data length: 32
[1754019323] [NOISE_PROTOCOL_DEBUG] CIPHER_ENCRYPT_SUCCESS - Encryption successful, ciphertext length: 48
[1754019323] [NOISE_PROTOCOL_DEBUG] WRITE_MESSAGE_S_DONE - Static key encrypted and sent, buffer size: 80
[1754019323] [NOISE_PROTOCOL_DEBUG] WRITE_MESSAGE_PATTERN - Processing pattern: ES
[1754019323] [NOISE_PROTOCOL_DEBUG] WRITE_MESSAGE_ES - Performing DH(ephemeral, static), role: Responder
[1754019323] [NOISE_PROTOCOL_DEBUG] WRITE_MESSAGE_ES_DONE - DH(ephemeral, static) completed for responder
[1754019323] [NOISE_PROTOCOL_DEBUG] WRITE_MESSAGE_ENCRYPT - Encrypting payload of 0 bytes
[1754019323] [NOISE_PROTOCOL_DEBUG] CIPHER_ENCRYPT - Encrypting with key, plaintext length: 0
[1754019323] [NOISE_PROTOCOL_DEBUG] CIPHER_ENCRYPT_KEY - Key length: 32
[1754019323] [NOISE_PROTOCOL_DEBUG] CIPHER_ENCRYPT_NONCE - Current nonce: 0
[1754019323] [NOISE_PROTOCOL_DEBUG] CIPHER_ENCRYPT_ASSOCIATED_DATA - Associated data length: 32
[1754019323] [NOISE_PROTOCOL_DEBUG] CIPHER_ENCRYPT_SUCCESS - Encryption successful, ciphertext length: 16
[1754019323] [NOISE_PROTOCOL_DEBUG] WRITE_MESSAGE_ENCRYPT_DONE - Payload encrypted, total buffer size: 96
[1754019323] [NOISE_PROTOCOL_DEBUG] WRITE_MESSAGE_COMPLETE - Message written, pattern 1 complete
[1754019324] [NOISE_PROTOCOL_DEBUG] READ_MESSAGE_START - Pattern: XX, Current: 2/3
[1754019324] [NOISE_PROTOCOL_DEBUG] READ_MESSAGE_HASH_BEFORE - Hash before read: [170, 149, 145, 223, 108, 185, 60, 238]
[1754019324] [NOISE_PROTOCOL_DEBUG] READ_MESSAGE_PATTERNS - Processing patterns: [S, SE]
[1754019324] [NOISE_PROTOCOL_DEBUG] READ_MESSAGE_PATTERN - Processing pattern: S
[1754019324] [NOISE_PROTOCOL_DEBUG] READ_MESSAGE_HASH_BEFORE_PATTERN - Hash before pattern: [170, 149, 145, 223, 108, 185, 60, 238]
[1754019324] [NOISE_PROTOCOL_DEBUG] READ_MESSAGE_S - Reading static key
[1754019324] [NOISE_PROTOCOL_DEBUG] READ_MESSAGE_S_CHECK - Checking static key length: need 48 bytes, available 32 bytes, has_cipher_key: true
[1754019324] [NOISE_PROTOCOL_DEBUG] READ_MESSAGE_S_ERROR - Message too short for static key, need 48 bytes, have 32 bytes
[1754019325] [NOISE_PROTOCOL_DEBUG] HANDSHAKE_INIT - Protocol name: Noise_XX_25519_ChaChaPoly_SHA256
[1754019325] [NOISE_PROTOCOL_DEBUG] HANDSHAKE_INIT - Initial hash: [78, 111, 105, 115, 101, 95, 88, 88]
[1754019325] [NOISE_PROTOCOL_DEBUG] HANDSHAKE_INIT - Initial chaining key: [78, 111, 105, 115, 101, 95, 88, 88]
[1754019325] [NOISE_PROTOCOL_DEBUG] READ_MESSAGE_START - Pattern: XX, Current: 0/3
[1754019325] [NOISE_PROTOCOL_DEBUG] READ_MESSAGE_HASH_BEFORE - Hash before read: [243, 209, 94, 97, 8, 237, 149, 86]
[1754019325] [NOISE_PROTOCOL_DEBUG] READ_MESSAGE_PATTERNS - Processing patterns: [E]
[1754019325] [NOISE_PROTOCOL_DEBUG] READ_MESSAGE_PATTERN - Processing pattern: E
[1754019325] [NOISE_PROTOCOL_DEBUG] READ_MESSAGE_HASH_BEFORE_PATTERN - Hash before pattern: [243, 209, 94, 97, 8, 237, 149, 86]
[1754019325] [NOISE_PROTOCOL_DEBUG] READ_MESSAGE_E - Reading ephemeral key
[1754019325] [NOISE_PROTOCOL_DEBUG] READ_MESSAGE_E_BYTES - Ephemeral key bytes: [61, 8, 68, 237, 72, 23, 220, 46]
[1754019325] [NOISE_PROTOCOL_DEBUG] READ_MESSAGE_E_DONE - Ephemeral key read, offset: 32
[1754019325] [NOISE_PROTOCOL_DEBUG] READ_MESSAGE_HASH_AFTER_PATTERN - Hash after pattern E: [191, 188, 117, 161, 128, 150, 79, 204]
[1754019325] [NOISE_PROTOCOL_DEBUG] READ_MESSAGE_PAYLOAD - Decrypting payload, length: 0
[1754019325] [NOISE_PROTOCOL_DEBUG] DECRYPT_AND_HASH - No cipher key, treating as plaintext, length: 0
[1754019325] [NOISE_PROTOCOL_DEBUG] DECRYPT_AND_HASH_PLAINTEXT - Hash mixed with plaintext
[1754019325] [NOISE_PROTOCOL_DEBUG] READ_MESSAGE_PAYLOAD_SUCCESS - Payload decrypted successfully, length: 0
[1754019325] [NOISE_PROTOCOL_DEBUG] READ_MESSAGE_COMPLETE - Message read successfully, new pattern: 1/3
[1754019325] [NOISE_PROTOCOL_DEBUG] READ_MESSAGE_HASH_AFTER - Hash after read: [72, 234, 50, 3, 217, 186, 170, 58]
[1754019325] [NOISE_PROTOCOL_DEBUG] WRITE_MESSAGE_START - Pattern: XX, Current: 1/3
[1754019325] [NOISE_PROTOCOL_DEBUG] WRITE_MESSAGE_PATTERNS - Processing patterns: [E, EE, S, ES]
[1754019325] [NOISE_PROTOCOL_DEBUG] WRITE_MESSAGE_PATTERN - Processing pattern: E
[1754019325] [NOISE_PROTOCOL_DEBUG] WRITE_MESSAGE_E - Generating ephemeral key
[1754019325] [NOISE_PROTOCOL_DEBUG] WRITE_MESSAGE_E_DONE - Ephemeral key generated, buffer size: 32
[1754019325] [NOISE_PROTOCOL_DEBUG] WRITE_MESSAGE_PATTERN - Processing pattern: EE
[1754019325] [NOISE_PROTOCOL_DEBUG] WRITE_MESSAGE_EE - Performing DH(ephemeral, ephemeral)
[1754019325] [NOISE_PROTOCOL_DEBUG] WRITE_MESSAGE_EE_DONE - DH(ephemeral, ephemeral) completed
[1754019325] [NOISE_PROTOCOL_DEBUG] WRITE_MESSAGE_PATTERN - Processing pattern: S
[1754019325] [NOISE_PROTOCOL_DEBUG] WRITE_MESSAGE_S - Sending static key
[1754019325] [NOISE_PROTOCOL_DEBUG] CIPHER_ENCRYPT - Encrypting with key, plaintext length: 32
[1754019325] [NOISE_PROTOCOL_DEBUG] CIPHER_ENCRYPT_KEY - Key length: 32
[1754019325] [NOISE_PROTOCOL_DEBUG] CIPHER_ENCRYPT_NONCE - Current nonce: 0
[1754019325] [NOISE_PROTOCOL_DEBUG] CIPHER_ENCRYPT_ASSOCIATED_DATA - Associated data length: 32
[1754019325] [NOISE_PROTOCOL_DEBUG] CIPHER_ENCRYPT_SUCCESS - Encryption successful, ciphertext length: 48
[1754019325] [NOISE_PROTOCOL_DEBUG] WRITE_MESSAGE_S_DONE - Static key encrypted and sent, buffer size: 80
[1754019325] [NOISE_PROTOCOL_DEBUG] WRITE_MESSAGE_PATTERN - Processing pattern: ES
[1754019325] [NOISE_PROTOCOL_DEBUG] WRITE_MESSAGE_ES - Performing DH(ephemeral, static), role: Responder
[1754019325] [NOISE_PROTOCOL_DEBUG] WRITE_MESSAGE_ES_DONE - DH(ephemeral, static) completed for responder
[1754019325] [NOISE_PROTOCOL_DEBUG] WRITE_MESSAGE_ENCRYPT - Encrypting payload of 0 bytes
[1754019325] [NOISE_PROTOCOL_DEBUG] CIPHER_ENCRYPT - Encrypting with key, plaintext length: 0
[1754019325] [NOISE_PROTOCOL_DEBUG] CIPHER_ENCRYPT_KEY - Key length: 32
[1754019325] [NOISE_PROTOCOL_DEBUG] CIPHER_ENCRYPT_NONCE - Current nonce: 0
[1754019325] [NOISE_PROTOCOL_DEBUG] CIPHER_ENCRYPT_ASSOCIATED_DATA - Associated data length: 32
[1754019325] [NOISE_PROTOCOL_DEBUG] CIPHER_ENCRYPT_SUCCESS - Encryption successful, ciphertext length: 16
[1754019325] [NOISE_PROTOCOL_DEBUG] WRITE_MESSAGE_ENCRYPT_DONE - Payload encrypted, total buffer size: 96
[1754019325] [NOISE_PROTOCOL_DEBUG] WRITE_MESSAGE_COMPLETE - Message written, pattern 1 complete
[1754019327] [NOISE_PROTOCOL_DEBUG] READ_MESSAGE_START - Pattern: XX, Current: 2/3
[1754019327] [NOISE_PROTOCOL_DEBUG] READ_MESSAGE_HASH_BEFORE - Hash before read: [230, 146, 234, 168, 24, 181, 231, 154]
[1754019327] [NOISE_PROTOCOL_DEBUG] READ_MESSAGE_PATTERNS - Processing patterns: [S, SE]
[1754019327] [NOISE_PROTOCOL_DEBUG] READ_MESSAGE_PATTERN - Processing pattern: S
[1754019327] [NOISE_PROTOCOL_DEBUG] READ_MESSAGE_HASH_BEFORE_PATTERN - Hash before pattern: [230, 146, 234, 168, 24, 181, 231, 154]
[1754019327] [NOISE_PROTOCOL_DEBUG] READ_MESSAGE_S - Reading static key
[1754019327] [NOISE_PROTOCOL_DEBUG] READ_MESSAGE_S_CHECK - Checking static key length: need 48 bytes, available 32 bytes, has_cipher_key: true
[1754019327] [NOISE_PROTOCOL_DEBUG] READ_MESSAGE_S_ERROR - Message too short for static key, need 48 bytes, have 32 bytes
[1754019824] [NOISE_PROTOCOL_DEBUG] HANDSHAKE_INIT - Protocol name: Noise_XX_25519_ChaChaPoly_SHA256
[1754019824] [NOISE_PROTOCOL_DEBUG] HANDSHAKE_INIT - Initial hash: [78, 111, 105, 115, 101, 95, 88, 88]
[1754019824] [NOISE_PROTOCOL_DEBUG] HANDSHAKE_INIT - Initial chaining key: [78, 111, 105, 115, 101, 95, 88, 88]
[1754019824] [NOISE_PROTOCOL_DEBUG] READ_MESSAGE_START - Pattern: XX, Current: 0/3
[1754019824] [NOISE_PROTOCOL_DEBUG] READ_MESSAGE_HASH_BEFORE - Hash before read: [243, 209, 94, 97, 8, 237, 149, 86]
[1754019824] [NOISE_PROTOCOL_DEBUG] READ_MESSAGE_PATTERNS - Processing patterns: [E]
[1754019824] [NOISE_PROTOCOL_DEBUG] READ_MESSAGE_PATTERN - Processing pattern: E
[1754019824] [NOISE_PROTOCOL_DEBUG] READ_MESSAGE_HASH_BEFORE_PATTERN - Hash before pattern: [243, 209, 94, 97, 8, 237, 149, 86]
[1754019824] [NOISE_PROTOCOL_DEBUG] READ_MESSAGE_E - Reading ephemeral key
[1754019824] [NOISE_PROTOCOL_DEBUG] READ_MESSAGE_E_BYTES - Ephemeral key bytes: [156, 85, 218, 0, 98, 81, 101, 25]
[1754019824] [NOISE_PROTOCOL_DEBUG] READ_MESSAGE_E_DONE - Ephemeral key read, offset: 32
[1754019824] [NOISE_PROTOCOL_DEBUG] READ_MESSAGE_HASH_AFTER_PATTERN - Hash after pattern E: [131, 166, 157, 255, 46, 187, 224, 100]
[1754019824] [NOISE_PROTOCOL_DEBUG] READ_MESSAGE_PAYLOAD - Decrypting payload, length: 0
[1754019824] [NOISE_PROTOCOL_DEBUG] DECRYPT_AND_HASH - No cipher key, treating as plaintext, length: 0
[1754019824] [NOISE_PROTOCOL_DEBUG] DECRYPT_AND_HASH_PLAINTEXT - Hash mixed with plaintext
[1754019824] [NOISE_PROTOCOL_DEBUG] READ_MESSAGE_PAYLOAD_SUCCESS - Payload decrypted successfully, length: 0
[1754019824] [NOISE_PROTOCOL_DEBUG] READ_MESSAGE_COMPLETE - Message read successfully, new pattern: 1/3
[1754019824] [NOISE_PROTOCOL_DEBUG] READ_MESSAGE_HASH_AFTER - Hash after read: [204, 157, 231, 198, 195, 229, 198, 129]
[1754019824] [NOISE_PROTOCOL_DEBUG] WRITE_MESSAGE_START - Pattern: XX, Current: 1/3
[1754019824] [NOISE_PROTOCOL_DEBUG] WRITE_MESSAGE_PATTERNS - Processing patterns: [E, EE, S, ES]
[1754019824] [NOISE_PROTOCOL_DEBUG] WRITE_MESSAGE_PATTERN - Processing pattern: E
[1754019824] [NOISE_PROTOCOL_DEBUG] WRITE_MESSAGE_E - Generating ephemeral key
[1754019824] [NOISE_PROTOCOL_DEBUG] WRITE_MESSAGE_E_DONE - Ephemeral key generated, buffer size: 32
[1754019824] [NOISE_PROTOCOL_DEBUG] WRITE_MESSAGE_PATTERN - Processing pattern: EE
[1754019824] [NOISE_PROTOCOL_DEBUG] WRITE_MESSAGE_EE - Performing DH(ephemeral, ephemeral)
[1754019824] [NOISE_PROTOCOL_DEBUG] WRITE_MESSAGE_EE_DONE - DH(ephemeral, ephemeral) completed
[1754019824] [NOISE_PROTOCOL_DEBUG] WRITE_MESSAGE_PATTERN - Processing pattern: S
[1754019824] [NOISE_PROTOCOL_DEBUG] WRITE_MESSAGE_S - Sending static key
[1754019824] [NOISE_PROTOCOL_DEBUG] CIPHER_ENCRYPT - Encrypting with key, plaintext length: 32
[1754019824] [NOISE_PROTOCOL_DEBUG] CIPHER_ENCRYPT_KEY - Key length: 32
[1754019824] [NOISE_PROTOCOL_DEBUG] CIPHER_ENCRYPT_NONCE - Current nonce: 0
[1754019824] [NOISE_PROTOCOL_DEBUG] CIPHER_ENCRYPT_ASSOCIATED_DATA - Associated data length: 32
[1754019824] [NOISE_PROTOCOL_DEBUG] CIPHER_ENCRYPT_SUCCESS - Encryption successful, ciphertext length: 48
[1754019824] [NOISE_PROTOCOL_DEBUG] WRITE_MESSAGE_S_DONE - Static key encrypted and sent, buffer size: 80
[1754019824] [NOISE_PROTOCOL_DEBUG] WRITE_MESSAGE_PATTERN - Processing pattern: ES
[1754019824] [NOISE_PROTOCOL_DEBUG] WRITE_MESSAGE_ES - Performing DH(ephemeral, static), role: Responder
[1754019824] [NOISE_PROTOCOL_DEBUG] WRITE_MESSAGE_ES_DONE - DH(ephemeral, static) completed for responder
[1754019824] [NOISE_PROTOCOL_DEBUG] WRITE_MESSAGE_ENCRYPT - Encrypting payload of 0 bytes
[1754019824] [NOISE_PROTOCOL_DEBUG] CIPHER_ENCRYPT - Encrypting with key, plaintext length: 0
[1754019824] [NOISE_PROTOCOL_DEBUG] CIPHER_ENCRYPT_KEY - Key length: 32
[1754019824] [NOISE_PROTOCOL_DEBUG] CIPHER_ENCRYPT_NONCE - Current nonce: 0
[1754019824] [NOISE_PROTOCOL_DEBUG] CIPHER_ENCRYPT_ASSOCIATED_DATA - Associated data length: 32
[1754019824] [NOISE_PROTOCOL_DEBUG] CIPHER_ENCRYPT_SUCCESS - Encryption successful, ciphertext length: 16
[1754019824] [NOISE_PROTOCOL_DEBUG] WRITE_MESSAGE_ENCRYPT_DONE - Payload encrypted, total buffer size: 96
[1754019824] [NOISE_PROTOCOL_DEBUG] WRITE_MESSAGE_COMPLETE - Message written, pattern 1 complete
[1754019824] [NOISE_PROTOCOL_DEBUG] READ_MESSAGE_START - Pattern: XX, Current: 2/3
[1754019824] [NOISE_PROTOCOL_DEBUG] READ_MESSAGE_HASH_BEFORE - Hash before read: [133, 193, 171, 6, 21, 59, 1, 245]
[1754019824] [NOISE_PROTOCOL_DEBUG] READ_MESSAGE_PATTERNS - Processing patterns: [S, SE]
[1754019824] [NOISE_PROTOCOL_DEBUG] READ_MESSAGE_PATTERN - Processing pattern: S
[1754019824] [NOISE_PROTOCOL_DEBUG] READ_MESSAGE_HASH_BEFORE_PATTERN - Hash before pattern: [133, 193, 171, 6, 21, 59, 1, 245]
[1754019824] [NOISE_PROTOCOL_DEBUG] READ_MESSAGE_S - Reading static key
[1754019824] [NOISE_PROTOCOL_DEBUG] READ_MESSAGE_S_CHECK - Checking static key length: need 48 bytes, available 64 bytes, has_cipher_key: true
[1754019824] [NOISE_PROTOCOL_DEBUG] READ_MESSAGE_S_DATA - Static key data length: 48, has_cipher_key: true
[1754019824] [NOISE_PROTOCOL_DEBUG] DECRYPT_AND_HASH - Decrypting with cipher key, ciphertext length: 48
[1754019824] [NOISE_PROTOCOL_DEBUG] DECRYPT_AND_HASH_HASH - Current hash length: 32
[1754019824] [NOISE_PROTOCOL_DEBUG] DECRYPT_AND_HASH_HASH_BYTES - Hash bytes: [133, 193, 171, 6, 21, 59, 1, 245]
[1754019824] [NOISE_PROTOCOL_DEBUG] CIPHER_DECRYPT - Decrypting with key, ciphertext length: 48
[1754019824] [NOISE_PROTOCOL_DEBUG] CIPHER_DECRYPT_KEY - Key length: 32
[1754019824] [NOISE_PROTOCOL_DEBUG] CIPHER_DECRYPT_NONCE - Current nonce: 1
[1754019824] [NOISE_PROTOCOL_DEBUG] CIPHER_DECRYPT_ASSOCIATED_DATA - Associated data length: 32
[1754019824] [NOISE_PROTOCOL_DEBUG] CIPHER_DECRYPT_PAYLOAD - Encrypted payload length: 48
[1754019824] [NOISE_PROTOCOL_DEBUG] CIPHER_DECRYPT_SUCCESS - Decryption successful, plaintext length: 32
[1754019824] [NOISE_PROTOCOL_DEBUG] DECRYPT_AND_HASH_SUCCESS - Decryption successful, plaintext length: 32
[1754019824] [NOISE_PROTOCOL_DEBUG] DECRYPT_AND_HASH_HASH_MIXED - Hash mixed with ciphertext
[1754019824] [NOISE_PROTOCOL_DEBUG] READ_MESSAGE_S_DONE - Static key read and validated successfully
[1754019824] [NOISE_PROTOCOL_DEBUG] READ_MESSAGE_HASH_AFTER_PATTERN - Hash after pattern S: [180, 86, 96, 133, 179, 70, 233, 20]
[1754019824] [NOISE_PROTOCOL_DEBUG] READ_MESSAGE_PATTERN - Processing pattern: SE
[1754019824] [NOISE_PROTOCOL_DEBUG] READ_MESSAGE_HASH_BEFORE_PATTERN - Hash before pattern: [180, 86, 96, 133, 179, 70, 233, 20]
[1754019824] [NOISE_PROTOCOL_DEBUG] READ_MESSAGE_SE - Performing DH(static, ephemeral)
[1754019824] [NOISE_PROTOCOL_DEBUG] READ_MESSAGE_SE_DONE - DH(static, ephemeral) completed
[1754019824] [NOISE_PROTOCOL_DEBUG] READ_MESSAGE_HASH_AFTER_PATTERN - Hash after pattern SE: [180, 86, 96, 133, 179, 70, 233, 20]
[1754019824] [NOISE_PROTOCOL_DEBUG] READ_MESSAGE_PAYLOAD - Decrypting payload, length: 16
[1754019824] [NOISE_PROTOCOL_DEBUG] DECRYPT_AND_HASH - Decrypting with cipher key, ciphertext length: 16
[1754019824] [NOISE_PROTOCOL_DEBUG] DECRYPT_AND_HASH_HASH - Current hash length: 32
[1754019824] [NOISE_PROTOCOL_DEBUG] DECRYPT_AND_HASH_HASH_BYTES - Hash bytes: [180, 86, 96, 133, 179, 70, 233, 20]
[1754019824] [NOISE_PROTOCOL_DEBUG] CIPHER_DECRYPT - Decrypting with key, ciphertext length: 16
[1754019824] [NOISE_PROTOCOL_DEBUG] CIPHER_DECRYPT_KEY - Key length: 32
[1754019824] [NOISE_PROTOCOL_DEBUG] CIPHER_DECRYPT_NONCE - Current nonce: 0
[1754019824] [NOISE_PROTOCOL_DEBUG] CIPHER_DECRYPT_ASSOCIATED_DATA - Associated data length: 32
[1754019824] [NOISE_PROTOCOL_DEBUG] CIPHER_DECRYPT_PAYLOAD - Encrypted payload length: 16
[1754019824] [NOISE_PROTOCOL_DEBUG] CIPHER_DECRYPT_SUCCESS - Decryption successful, plaintext length: 0
[1754019824] [NOISE_PROTOCOL_DEBUG] DECRYPT_AND_HASH_SUCCESS - Decryption successful, plaintext length: 0
[1754019824] [NOISE_PROTOCOL_DEBUG] DECRYPT_AND_HASH_HASH_MIXED - Hash mixed with ciphertext
[1754019824] [NOISE_PROTOCOL_DEBUG] READ_MESSAGE_PAYLOAD_SUCCESS - Payload decrypted successfully, length: 0
[1754019824] [NOISE_PROTOCOL_DEBUG] READ_MESSAGE_COMPLETE - Message read successfully, new pattern: 3/3
[1754019824] [NOISE_PROTOCOL_DEBUG] READ_MESSAGE_HASH_AFTER - Hash after read: [217, 53, 30, 167, 182, 15, 178, 123]
[1754019830] [NOISE_PROTOCOL_DEBUG] CIPHER_DECRYPT - Decrypting with key, ciphertext length: 276
[1754019830] [NOISE_PROTOCOL_DEBUG] CIPHER_DECRYPT_KEY - Key length: 32
[1754019830] [NOISE_PROTOCOL_DEBUG] CIPHER_DECRYPT_NONCE - Current nonce: 0
[1754019830] [NOISE_PROTOCOL_DEBUG] CIPHER_DECRYPT_ASSOCIATED_DATA - Associated data length: 0
[1754019830] [NOISE_PROTOCOL_DEBUG] CIPHER_DECRYPT_PAYLOAD - Encrypted payload length: 272
[1754019830] [NOISE_PROTOCOL_DEBUG] CIPHER_DECRYPT_SUCCESS - Decryption successful, plaintext length: 256
[1754019831] [NOISE_PROTOCOL_DEBUG] CIPHER_DECRYPT - Decrypting with key, ciphertext length: 276
[1754019831] [NOISE_PROTOCOL_DEBUG] CIPHER_DECRYPT_KEY - Key length: 32
[1754019831] [NOISE_PROTOCOL_DEBUG] CIPHER_DECRYPT_NONCE - Current nonce: 0
[1754019831] [NOISE_PROTOCOL_DEBUG] CIPHER_DECRYPT_ASSOCIATED_DATA - Associated data length: 0
[1754019831] [NOISE_PROTOCOL_DEBUG] CIPHER_DECRYPT_REPLAY_DETECTED - Replay attack detected: nonce 0 rejected
[1754019832] [NOISE_PROTOCOL_DEBUG] CIPHER_DECRYPT - Decrypting with key, ciphertext length: 276
[1754019832] [NOISE_PROTOCOL_DEBUG] CIPHER_DECRYPT_KEY - Key length: 32
[1754019832] [NOISE_PROTOCOL_DEBUG] CIPHER_DECRYPT_NONCE - Current nonce: 0
[1754019832] [NOISE_PROTOCOL_DEBUG] CIPHER_DECRYPT_ASSOCIATED_DATA - Associated data length: 0
[1754019832] [NOISE_PROTOCOL_DEBUG] CIPHER_DECRYPT_REPLAY_DETECTED - Replay attack detected: nonce 0 rejected
[1754019834] [NOISE_PROTOCOL_DEBUG] CIPHER_DECRYPT - Decrypting with key, ciphertext length: 276
[1754019834] [NOISE_PROTOCOL_DEBUG] CIPHER_DECRYPT_KEY - Key length: 32
[1754019834] [NOISE_PROTOCOL_DEBUG] CIPHER_DECRYPT_NONCE - Current nonce: 0
[1754019834] [NOISE_PROTOCOL_DEBUG] CIPHER_DECRYPT_ASSOCIATED_DATA - Associated data length: 0
[1754019834] [NOISE_PROTOCOL_DEBUG] CIPHER_DECRYPT_REPLAY_DETECTED - Replay attack detected: nonce 0 rejected
[1754019846] [NOISE_PROTOCOL_DEBUG] CIPHER_ENCRYPT - Encrypting with key, plaintext length: 65
[1754019846] [NOISE_PROTOCOL_DEBUG] CIPHER_ENCRYPT_KEY - Key length: 32
[1754019846] [NOISE_PROTOCOL_DEBUG] CIPHER_ENCRYPT_NONCE - Current nonce: 0
[1754019846] [NOISE_PROTOCOL_DEBUG] CIPHER_ENCRYPT_ASSOCIATED_DATA - Associated data length: 0
[1754019846] [NOISE_PROTOCOL_DEBUG] CIPHER_ENCRYPT_SUCCESS - Encryption successful, ciphertext length: 81
[1754019846] [NOISE_PROTOCOL_DEBUG] CIPHER_ENCRYPT_TRANSPORT - Transport message with nonce prefix, total length: 85
[1754019873] [NOISE_PROTOCOL_DEBUG] CIPHER_DECRYPT - Decrypting with key, ciphertext length: 276
[1754019873] [NOISE_PROTOCOL_DEBUG] CIPHER_DECRYPT_KEY - Key length: 32
[1754019873] [NOISE_PROTOCOL_DEBUG] CIPHER_DECRYPT_NONCE - Current nonce: 0
[1754019873] [NOISE_PROTOCOL_DEBUG] CIPHER_DECRYPT_ASSOCIATED_DATA - Associated data length: 0
[1754019873] [NOISE_PROTOCOL_DEBUG] CIPHER_DECRYPT_PAYLOAD - Encrypted payload length: 272
[1754019873] [NOISE_PROTOCOL_DEBUG] CIPHER_DECRYPT_ERROR - Decryption failed: Error
[1754019874] [NOISE_PROTOCOL_DEBUG] CIPHER_DECRYPT - Decrypting with key, ciphertext length: 276
[1754019874] [NOISE_PROTOCOL_DEBUG] CIPHER_DECRYPT_KEY - Key length: 32
[1754019874] [NOISE_PROTOCOL_DEBUG] CIPHER_DECRYPT_NONCE - Current nonce: 0
[1754019874] [NOISE_PROTOCOL_DEBUG] CIPHER_DECRYPT_ASSOCIATED_DATA - Associated data length: 0
[1754019874] [NOISE_PROTOCOL_DEBUG] CIPHER_DECRYPT_PAYLOAD - Encrypted payload length: 272
[1754019874] [NOISE_PROTOCOL_DEBUG] CIPHER_DECRYPT_ERROR - Decryption failed: Error
[1754019875] [NOISE_PROTOCOL_DEBUG] CIPHER_DECRYPT - Decrypting with key, ciphertext length: 276
[1754019875] [NOISE_PROTOCOL_DEBUG] CIPHER_DECRYPT_KEY - Key length: 32
[1754019875] [NOISE_PROTOCOL_DEBUG] CIPHER_DECRYPT_NONCE - Current nonce: 0
[1754019875] [NOISE_PROTOCOL_DEBUG] CIPHER_DECRYPT_ASSOCIATED_DATA - Associated data length: 0
[1754019875] [NOISE_PROTOCOL_DEBUG] CIPHER_DECRYPT_PAYLOAD - Encrypted payload length: 272
[1754019875] [NOISE_PROTOCOL_DEBUG] CIPHER_DECRYPT_ERROR - Decryption failed: Error
[1754019877] [NOISE_PROTOCOL_DEBUG] CIPHER_DECRYPT - Decrypting with key, ciphertext length: 276
[1754019877] [NOISE_PROTOCOL_DEBUG] CIPHER_DECRYPT_KEY - Key length: 32
[1754019877] [NOISE_PROTOCOL_DEBUG] CIPHER_DECRYPT_NONCE - Current nonce: 0
[1754019877] [NOISE_PROTOCOL_DEBUG] CIPHER_DECRYPT_ASSOCIATED_DATA - Associated data length: 0
[1754019877] [NOISE_PROTOCOL_DEBUG] CIPHER_DECRYPT_PAYLOAD - Encrypted payload length: 272
[1754019877] [NOISE_PROTOCOL_DEBUG] CIPHER_DECRYPT_ERROR - Decryption failed: Error
[1754019882] [NOISE_PROTOCOL_DEBUG] CIPHER_DECRYPT - Decrypting with key, ciphertext length: 276
[1754019882] [NOISE_PROTOCOL_DEBUG] CIPHER_DECRYPT_KEY - Key length: 32
[1754019882] [NOISE_PROTOCOL_DEBUG] CIPHER_DECRYPT_NONCE - Current nonce: 0
[1754019882] [NOISE_PROTOCOL_DEBUG] CIPHER_DECRYPT_ASSOCIATED_DATA - Associated data length: 0
[1754019882] [NOISE_PROTOCOL_DEBUG] CIPHER_DECRYPT_PAYLOAD - Encrypted payload length: 272
[1754019882] [NOISE_PROTOCOL_DEBUG] CIPHER_DECRYPT_ERROR - Decryption failed: Error
[1754019883] [NOISE_PROTOCOL_DEBUG] CIPHER_DECRYPT - Decrypting with key, ciphertext length: 276
[1754019883] [NOISE_PROTOCOL_DEBUG] CIPHER_DECRYPT_KEY - Key length: 32
[1754019883] [NOISE_PROTOCOL_DEBUG] CIPHER_DECRYPT_NONCE - Current nonce: 0
[1754019883] [NOISE_PROTOCOL_DEBUG] CIPHER_DECRYPT_ASSOCIATED_DATA - Associated data length: 0
[1754019883] [NOISE_PROTOCOL_DEBUG] CIPHER_DECRYPT_PAYLOAD - Encrypted payload length: 272
[1754019883] [NOISE_PROTOCOL_DEBUG] CIPHER_DECRYPT_ERROR - Decryption failed: Error
[1754019883] [NOISE_PROTOCOL_DEBUG] CIPHER_DECRYPT - Decrypting with key, ciphertext length: 276
[1754019883] [NOISE_PROTOCOL_DEBUG] CIPHER_DECRYPT_KEY - Key length: 32
[1754019883] [NOISE_PROTOCOL_DEBUG] CIPHER_DECRYPT_NONCE - Current nonce: 0
[1754019883] [NOISE_PROTOCOL_DEBUG] CIPHER_DECRYPT_ASSOCIATED_DATA - Associated data length: 0
[1754019883] [NOISE_PROTOCOL_DEBUG] CIPHER_DECRYPT_PAYLOAD - Encrypted payload length: 272
[1754019883] [NOISE_PROTOCOL_DEBUG] CIPHER_DECRYPT_ERROR - Decryption failed: Error
[1754019885] [NOISE_PROTOCOL_DEBUG] CIPHER_DECRYPT - Decrypting with key, ciphertext length: 276
[1754019885] [NOISE_PROTOCOL_DEBUG] CIPHER_DECRYPT_KEY - Key length: 32
[1754019885] [NOISE_PROTOCOL_DEBUG] CIPHER_DECRYPT_NONCE - Current nonce: 0
[1754019885] [NOISE_PROTOCOL_DEBUG] CIPHER_DECRYPT_ASSOCIATED_DATA - Associated data length: 0
[1754019885] [NOISE_PROTOCOL_DEBUG] CIPHER_DECRYPT_PAYLOAD - Encrypted payload length: 272
[1754019885] [NOISE_PROTOCOL_DEBUG] CIPHER_DECRYPT_ERROR - Decryption failed: Error
[1754019902] [NOISE_PROTOCOL_DEBUG] CIPHER_DECRYPT - Decrypting with key, ciphertext length: 276
[1754019902] [NOISE_PROTOCOL_DEBUG] CIPHER_DECRYPT_KEY - Key length: 32
[1754019902] [NOISE_PROTOCOL_DEBUG] CIPHER_DECRYPT_NONCE - Current nonce: 0
[1754019902] [NOISE_PROTOCOL_DEBUG] CIPHER_DECRYPT_ASSOCIATED_DATA - Associated data length: 0
[1754019902] [NOISE_PROTOCOL_DEBUG] CIPHER_DECRYPT_PAYLOAD - Encrypted payload length: 272
[1754019902] [NOISE_PROTOCOL_DEBUG] CIPHER_DECRYPT_ERROR - Decryption failed: Error
[1754019903] [NOISE_PROTOCOL_DEBUG] CIPHER_DECRYPT - Decrypting with key, ciphertext length: 276
[1754019903] [NOISE_PROTOCOL_DEBUG] CIPHER_DECRYPT_KEY - Key length: 32
[1754019903] [NOISE_PROTOCOL_DEBUG] CIPHER_DECRYPT_NONCE - Current nonce: 0
[1754019903] [NOISE_PROTOCOL_DEBUG] CIPHER_DECRYPT_ASSOCIATED_DATA - Associated data length: 0
[1754019903] [NOISE_PROTOCOL_DEBUG] CIPHER_DECRYPT_PAYLOAD - Encrypted payload length: 272
[1754019903] [NOISE_PROTOCOL_DEBUG] CIPHER_DECRYPT_ERROR - Decryption failed: Error
[1754019904] [NOISE_PROTOCOL_DEBUG] CIPHER_DECRYPT - Decrypting with key, ciphertext length: 276
[1754019904] [NOISE_PROTOCOL_DEBUG] CIPHER_DECRYPT_KEY - Key length: 32
[1754019904] [NOISE_PROTOCOL_DEBUG] CIPHER_DECRYPT_NONCE - Current nonce: 0
[1754019904] [NOISE_PROTOCOL_DEBUG] CIPHER_DECRYPT_ASSOCIATED_DATA - Associated data length: 0
[1754019904] [NOISE_PROTOCOL_DEBUG] CIPHER_DECRYPT_PAYLOAD - Encrypted payload length: 272
[1754019904] [NOISE_PROTOCOL_DEBUG] CIPHER_DECRYPT_ERROR - Decryption failed: Error
[1754019905] [NOISE_PROTOCOL_DEBUG] CIPHER_ENCRYPT - Encrypting with key, plaintext length: 68
[1754019905] [NOISE_PROTOCOL_DEBUG] CIPHER_ENCRYPT_KEY - Key length: 32
[1754019905] [NOISE_PROTOCOL_DEBUG] CIPHER_ENCRYPT_NONCE - Current nonce: 1
[1754019905] [NOISE_PROTOCOL_DEBUG] CIPHER_ENCRYPT_ASSOCIATED_DATA - Associated data length: 0
[1754019905] [NOISE_PROTOCOL_DEBUG] CIPHER_ENCRYPT_SUCCESS - Encryption successful, ciphertext length: 84
[1754019905] [NOISE_PROTOCOL_DEBUG] CIPHER_ENCRYPT_TRANSPORT - Transport message with nonce prefix, total length: 88
[1754019906] [NOISE_PROTOCOL_DEBUG] CIPHER_DECRYPT - Decrypting with key, ciphertext length: 276
[1754019906] [NOISE_PROTOCOL_DEBUG] CIPHER_DECRYPT_KEY - Key length: 32
[1754019906] [NOISE_PROTOCOL_DEBUG] CIPHER_DECRYPT_NONCE - Current nonce: 0
[1754019906] [NOISE_PROTOCOL_DEBUG] CIPHER_DECRYPT_ASSOCIATED_DATA - Associated data length: 0
[1754019906] [NOISE_PROTOCOL_DEBUG] CIPHER_DECRYPT_PAYLOAD - Encrypted payload length: 272
[1754019906] [NOISE_PROTOCOL_DEBUG] CIPHER_DECRYPT_ERROR - Decryption failed: Error
